[debug] [2021-07-19T00:02:01.424Z] ----------------------------------------------------------------------
[debug] [2021-07-19T00:02:01.426Z] Command:       /usr/local/bin/firebase /home/melqui/.cache/firebase/tools/lib/node_modules/firebase-tools/lib/bin/firebase init
[debug] [2021-07-19T00:02:01.427Z] CLI Version:   9.16.0
[debug] [2021-07-19T00:02:01.427Z] Platform:      linux
[debug] [2021-07-19T00:02:01.427Z] Node Version:  v12.18.1
[debug] [2021-07-19T00:02:01.427Z] Time:          Sun Jul 18 2021 21:02:01 GMT-0300 (GMT-03:00)
[debug] [2021-07-19T00:02:01.428Z] ----------------------------------------------------------------------
[debug] 
[debug] [2021-07-19T00:02:01.433Z] > command requires scopes: ["email","openid","https://www.googleapis.com/auth/cloudplatformprojects.readonly","https://www.googleapis.com/auth/firebase","https://www.googleapis.com/auth/cloud-platform"]
[debug] [2021-07-19T00:02:01.434Z] > authorizing via signed-in user (melqui.sodre15@gmail.com)
[info] 
     ######## #### ########  ######## ########     ###     ######  ########
     ##        ##  ##     ## ##       ##     ##  ##   ##  ##       ##
     ######    ##  ########  ######   ########  #########  ######  ######
     ##        ##  ##    ##  ##       ##     ## ##     ##       ## ##
     ##       #### ##     ## ######## ########  ##     ##  ######  ########

You're about to initialize a Firebase project in this directory:

  /home/melqui/melqui/nlw/nlw-06/letmeask

[info] 
=== Project Setup
[info] 
[info] First, let's associate this project directory with a Firebase project.
[info] You can create multiple project aliases by running firebase use --add, 
[info] but for now we'll just set up a default project.
[info] 
[debug] [2021-07-19T00:02:32.874Z] >>> [apiv2][query] GET https://firebase.googleapis.com/v1beta1/projects pageSize=100
[debug] [2021-07-19T00:02:33.473Z] <<< [apiv2][status] GET https://firebase.googleapis.com/v1beta1/projects 200
[debug] [2021-07-19T00:02:33.473Z] <<< [apiv2][body] GET https://firebase.googleapis.com/v1beta1/projects [omitted]
[info] i  Using project letmeask-2304e (letmeask) 
[info] 
=== Database Setup
[info] i  database: ensuring required API firebasedatabase.googleapis.com is enabled... 
[debug] [2021-07-19T00:02:35.233Z] > refreshing access token with scopes: ["email","https://www.googleapis.com/auth/cloud-platform","https://www.googleapis.com/auth/cloudplatformprojects.readonly","https://www.googleapis.com/auth/firebase","openid"]
[debug] [2021-07-19T00:02:35.234Z] >>> HTTP REQUEST POST https://www.googleapis.com/oauth2/v3/token  
 <request body omitted>
[debug] [2021-07-19T00:02:35.508Z] <<< HTTP RESPONSE 200 {"pragma":"no-cache","expires":"Mon, 01 Jan 1990 00:00:00 GMT","cache-control":"no-cache, no-store, max-age=0, must-revalidate","date":"Mon, 19 Jul 2021 00:02:35 GMT","content-type":"application/json; charset=utf-8","vary":"X-Origin, Referer, Origin,Accept-Encoding","server":"scaffolding on HTTPServer2","x-xss-protection":"0","x-frame-options":"SAMEORIGIN","x-content-type-options":"nosniff","alt-svc":"h3=\":443\"; ma=2592000,h3-29=\":443\"; ma=2592000,h3-T051=\":443\"; ma=2592000,h3-Q050=\":443\"; ma=2592000,h3-Q046=\":443\"; ma=2592000,h3-Q043=\":443\"; ma=2592000,quic=\":443\"; ma=2592000; v=\"46,43\"","accept-ranges":"none","transfer-encoding":"chunked"}
[debug] [2021-07-19T00:02:35.522Z] >>> HTTP REQUEST GET https://serviceusage.googleapis.com/v1/projects/letmeask-2304e/services/firebasedatabase.googleapis.com  
 
[debug] [2021-07-19T00:02:36.754Z] <<< HTTP RESPONSE 200 {"content-type":"application/json; charset=UTF-8","vary":"X-Origin, Referer, Origin,Accept-Encoding","date":"Mon, 19 Jul 2021 00:02:36 GMT","server":"ESF","cache-control":"private","x-xss-protection":"0","x-frame-options":"SAMEORIGIN","x-content-type-options":"nosniff","alt-svc":"h3=\":443\"; ma=2592000,h3-29=\":443\"; ma=2592000,h3-T051=\":443\"; ma=2592000,h3-Q050=\":443\"; ma=2592000,h3-Q046=\":443\"; ma=2592000,h3-Q043=\":443\"; ma=2592000,quic=\":443\"; ma=2592000; v=\"46,43\"","accept-ranges":"none","transfer-encoding":"chunked"}
[info] ✔  database: required API firebasedatabase.googleapis.com is enabled 
[info] 
[debug] [2021-07-19T00:02:36.760Z] >>> HTTP REQUEST GET https://firebasedatabase.googleapis.com/v1beta/projects/letmeask-2304e/locations/-/instances/letmeask-2304e-default-rtdb  
 
[debug] [2021-07-19T00:02:38.259Z] <<< HTTP RESPONSE 200 {"content-type":"application/json; charset=UTF-8","vary":"X-Origin, Referer, Origin,Accept-Encoding","date":"Mon, 19 Jul 2021 00:02:38 GMT","server":"ESF","cache-control":"private","x-xss-protection":"0","x-frame-options":"SAMEORIGIN","x-content-type-options":"nosniff","alt-svc":"h3=\":443\"; ma=2592000,h3-29=\":443\"; ma=2592000,h3-T051=\":443\"; ma=2592000,h3-Q050=\":443\"; ma=2592000,h3-Q046=\":443\"; ma=2592000,h3-Q043=\":443\"; ma=2592000,quic=\":443\"; ma=2592000; v=\"46,43\"","accept-ranges":"none","transfer-encoding":"chunked"}
[info] 
[info] Firebase Realtime Database Security Rules allow you to define how your data should be
[info] structured and when your data can be read from and written to.
[info] 
[debug] [2021-07-19T00:02:53.639Z] >>> HTTP REQUEST GET https://letmeask-2304e-default-rtdb.firebaseio.com/.settings/rules.json  
 
[debug] [2021-07-19T00:02:54.337Z] <<< HTTP RESPONSE 200 {"server":"nginx","date":"Mon, 19 Jul 2021 00:02:54 GMT","content-type":"application/json; charset=utf-8","content-length":"578","connection":"keep-alive","access-control-allow-origin":"*","cache-control":"no-cache","strict-transport-security":"max-age=31556926; includeSubDomains; preload"}
[info] ✔  Database Rules for letmeask-2304e-default-rtdb have been written to database.rules.json. 
[info] Future modifications to database.rules.json will update Realtime Database Security Rules when you run
[info] firebase deploy.
[info] 
=== Hosting Setup
[info] 
[info] Your public directory is the folder (relative to your project directory) that
[info] will contain Hosting assets to be uploaded with firebase deploy. If you
[info] have a build process for your assets, use your build's output directory.
[info] 
[debug] [2021-07-19T00:04:02.559Z] >>> [apiv2][query] GET https://www.gstatic.com/firebasejs/releases.json [none]
[debug] [2021-07-19T00:04:02.707Z] <<< [apiv2][status] GET https://www.gstatic.com/firebasejs/releases.json 200
[debug] [2021-07-19T00:04:02.708Z] <<< [apiv2][body] GET https://www.gstatic.com/firebasejs/releases.json {"current":{"version":"8.7.1","browserURL":"https://www.gstatic.com/firebasejs/8.7.1/firebase.js","packageURL":"https://www.gstatic.com/firebasejs/8.7.1/firebase.tgz"},"live":{"version":"8.7","browserURL":"https://www.gstatic.com/firebasejs/live/8.7/firebase.js","packageURL":"https://www.gstatic.com/firebasejs/live/8.7/firebase.tgz"},"components":{"analytics":"https://www.gstatic.com/firebasejs/8.7.1/firebase-analytics.js","app":"https://www.gstatic.com/firebasejs/8.7.1/firebase-app.js","app-check":"https://www.gstatic.com/firebasejs/8.7.1/firebase-app-check.js","auth":"https://www.gstatic.com/firebasejs/8.7.1/firebase-auth.js","database":"https://www.gstatic.com/firebasejs/8.7.1/firebase-database.js","firestore":"https://www.gstatic.com/firebasejs/8.7.1/firebase-firestore.js","functions":"https://www.gstatic.com/firebasejs/8.7.1/firebase-functions.js","installations":"https://www.gstatic.com/firebasejs/8.7.1/firebase-installations.js","messaging":"https://www.gstatic.com/firebasejs/8.7.1/firebase-messaging.js","storage":"https://www.gstatic.com/firebasejs/8.7.1/firebase-storage.js","performance":"https://www.gstatic.com/firebasejs/8.7.1/firebase-performance.js","remote-config":"https://www.gstatic.com/firebasejs/8.7.1/firebase-remote-config.js","firestore.memory":"https://www.gstatic.com/firebasejs/8.7.1/firebase-firestore.memory.js"}}
[info] ✔  Wrote build/index.html 
[info] 
[info] i  Detected a .git folder at /home/melqui/melqui/nlw/nlw-06/letmeask 
[info] i  Authorizing with GitHub to upload your service account to a GitHub repository's secrets store. 
[info] 
[info] Visit this URL on this device to log in:
[info] https://github.com/login/oauth/authorize?client_id=89cf50f02ac6aaed3484&state=1045038178&redirect_uri=http%3A%2F%2Flocalhost%3A9005&scope=read%3Auser%20repo%20public_repo
[info] 
[info] Waiting for authentication...
[debug] [2021-07-19T00:04:27.852Z] >>> HTTP REQUEST POST https://github.com/login/oauth/access_token  
 {"client_id":"89cf50f02ac6aaed3484","client_secret":"3330d14abc895d9a74d5f17cd7a00711fa2c5bf0","code":"bb77224bcc9e08366078","redirect_uri":"http://localhost:9005","state":"1045038178"}
[debug] [2021-07-19T00:04:28.586Z] <<< HTTP RESPONSE 200 {"server":"GitHub.com","date":"Mon, 19 Jul 2021 00:04:28 GMT","content-type":"application/json; charset=utf-8","transfer-encoding":"chunked","vary":"X-PJAX, Accept-Encoding, Accept, X-Requested-With","permissions-policy":"interest-cohort=()","etag":"W/\"391eeda792c61493a2f4e6fd4d72527e\"","cache-control":"max-age=0, private, must-revalidate","strict-transport-security":"max-age=31536000; includeSubdomains; preload","x-frame-options":"deny","x-content-type-options":"nosniff","x-xss-protection":"0","referrer-policy":"origin-when-cross-origin, strict-origin-when-cross-origin","expect-ct":"max-age=2592000, report-uri=\"https://api.github.com/_private/browser/errors\"","content-security-policy":"default-src 'none'; base-uri 'self'; block-all-mixed-content; connect-src 'self' uploads.github.com www.githubstatus.com collector.githubapp.com api.github.com github-cloud.s3.amazonaws.com github-production-repository-file-5c1aeb.s3.amazonaws.com github-production-upload-manifest-file-7fdce7.s3.amazonaws.com github-production-user-asset-6210df.s3.amazonaws.com cdn.optimizely.com logx.optimizely.com/v1/events translator.github.com wss://alive.github.com; font-src github.githubassets.com; form-action 'self' github.com gist.github.com; frame-ancestors 'none'; frame-src render.githubusercontent.com render-temp.githubusercontent.com viewscreen.githubusercontent.com; img-src 'self' data: github.githubassets.com identicons.github.com collector.githubapp.com github-cloud.s3.amazonaws.com secured-user-images.githubusercontent.com/ *.githubusercontent.com; manifest-src 'self'; media-src 'none'; script-src github.githubassets.com; style-src 'unsafe-inline' github.githubassets.com; worker-src github.com/socket-worker-3f088aa2.js gist.github.com/socket-worker-3f088aa2.js","x-github-request-id":"40A2:0C4A:9986E:FD4B0:60F4C18C"}
[debug] [2021-07-19T00:04:28.591Z] >>> [apiv2][query] GET https://api.github.com/user [none]
[debug] [2021-07-19T00:04:29.349Z] <<< [apiv2][status] GET https://api.github.com/user 200
[debug] [2021-07-19T00:04:29.350Z] <<< [apiv2][body] GET https://api.github.com/user {"login":"melquisedeque-magalhaes","id":43079783,"node_id":"MDQ6VXNlcjQzMDc5Nzgz","avatar_url":"https://avatars.githubusercontent.com/u/43079783?v=4","gravatar_id":"","url":"https://api.github.com/users/melquisedeque-magalhaes","html_url":"https://github.com/melquisedeque-magalhaes","followers_url":"https://api.github.com/users/melquisedeque-magalhaes/followers","following_url":"https://api.github.com/users/melquisedeque-magalhaes/following{/other_user}","gists_url":"https://api.github.com/users/melquisedeque-magalhaes/gists{/gist_id}","starred_url":"https://api.github.com/users/melquisedeque-magalhaes/starred{/owner}{/repo}","subscriptions_url":"https://api.github.com/users/melquisedeque-magalhaes/subscriptions","organizations_url":"https://api.github.com/users/melquisedeque-magalhaes/orgs","repos_url":"https://api.github.com/users/melquisedeque-magalhaes/repos","events_url":"https://api.github.com/users/melquisedeque-magalhaes/events{/privacy}","received_events_url":"https://api.github.com/users/melquisedeque-magalhaes/received_events","type":"User","site_admin":false,"name":"Melqui","company":"Elumini Outdoing IT","blog":"https://melquisedeque-magalhaes.github.io/gobarber-web/","location":"Águas Lindas de Goias","email":"melqui.sodre15@gmail.com","hireable":true,"bio":"Sempre aprendendo as melhores tecnologias, para continuar evoluindo.\r\nEstudando Javascript e Typescript focado nos frameworks ReactJs e NodeJs e React Native.","twitter_username":null,"public_repos":48,"public_gists":0,"followers":10,"following":3,"created_at":"2018-09-07T22:13:57Z","updated_at":"2021-07-19T00:04:24Z","private_gists":12,"total_private_repos":13,"owned_private_repos":13,"disk_usage":652618,"collaborators":0,"two_factor_authentication":false,"plan":{"name":"free","space":976562499,"collaborators":0,"private_repos":10000}}
[info] 
[info] ✔  Success! Logged into GitHub as melquisedeque-magalhaes 
[info] 
